\BOOKMARK [0][-]{section*.1}{\376\377\000D\000e\000c\000l\000a\000r\000a\000t\000i\000o\000n\000\040\000o\000f\000\040\000A\000u\000t\000h\000o\000r\000s\000h\000i\000p}{}% 1
\BOOKMARK [0][-]{section*.2}{\376\377\000A\000b\000s\000t\000r\000a\000c\000t}{}% 2
\BOOKMARK [0][-]{chapter.7}{\376\377\000H\000i\000n\000t\000e\000r\000g\000r\000u\000n\000d}{}% 3
\BOOKMARK [0][-]{chapter.8}{\376\377\000G\000r\000u\000n\000d\000l\000a\000g\000e\000n}{}% 4
\BOOKMARK [1][-]{section.9}{\376\377\000G\000r\000a\000p\000h}{chapter.8}% 5
\BOOKMARK [1][-]{section.10}{\376\377\000N\000e\000o\0004\000j}{chapter.8}% 6
\BOOKMARK [1][-]{section.12}{\376\377\000C\000A\000P\000\040\000u\000n\000d\000\040\000A\000C\000I\000D\000\040\000u\000n\000t\000e\000r\000\040\000N\000e\000o\0004\000j}{chapter.8}% 7
\BOOKMARK [1][-]{section.13}{\376\377\000N\000e\000o\0004\000j\000\040\000a\000l\000s\000\040\000D\000a\000t\000e\000n\000b\000a\000n\000k\000\040\000m\000a\000n\000a\000g\000e\000m\000e\000n\000t\000\040\000s\000y\000s\000t\000e\000m}{chapter.8}% 8
\BOOKMARK [2][-]{subsection.15}{\376\377\000C\000y\000p\000h\000e\000r}{section.13}% 9
\BOOKMARK [2][-]{subsection.16}{\376\377\000J\000a\000v\000a\000\040\000C\000o\000r\000e\000\040\000A\000P\000I}{section.13}% 10
\BOOKMARK [2][-]{subsection.17}{\376\377\000T\000r\000a\000v\000e\000r\000s\000a\000l\000\040\000A\000P\000I}{section.13}% 11
\BOOKMARK [0][-]{chapter.18}{\376\377\000C\000h\000a\000p\000t\000e\000r\000\040\000T\000i\000t\000l\000e\000\040\000H\000e\000r\000e}{}% 12
\BOOKMARK [1][-]{section.19}{\376\377\000M\000a\000i\000n\000\040\000S\000e\000c\000t\000i\000o\000n\000\040\0001}{chapter.18}% 13
\BOOKMARK [2][-]{subsection.20}{\376\377\000S\000u\000b\000s\000e\000c\000t\000i\000o\000n\000\040\0001}{section.19}% 14
\BOOKMARK [2][-]{subsection.21}{\376\377\000S\000u\000b\000s\000e\000c\000t\000i\000o\000n\000\040\0002}{section.19}% 15
\BOOKMARK [1][-]{section.22}{\376\377\000M\000a\000i\000n\000\040\000S\000e\000c\000t\000i\000o\000n\000\040\0002}{chapter.18}% 16
\BOOKMARK [0][-]{chapter.23}{\376\377\000D\000i\000e\000\040\0002\000\040\000M\000o\000d\000i}{}% 17
\BOOKMARK [1][-]{section.24}{\376\377\000D\000e\000r\000\040\000e\000i\000n\000g\000e\000b\000e\000t\000t\000e\000t\000e\000\040\000M\000o\000d\000u\000s}{chapter.23}% 18
\BOOKMARK [1][-]{section.26}{\376\377\000D\000e\000r\000\040\000S\000e\000r\000v\000e\000r\000\040\000M\000o\000d\000u\000s}{chapter.23}% 19
\BOOKMARK [0][-]{appendix*.28}{\376\377\000B\000i\000b\000l\000i\000o\000g\000r\000a\000p\000h\000y}{}% 20
